[debug] [2023-10-13T14:30:14.272Z] ----------------------------------------------------------------------
[debug] [2023-10-13T14:30:14.275Z] Command:       /usr/local/bin/firebase /Users/akash/.cache/firebase/tools/lib/node_modules/firebase-tools/lib/bin/firebase init
[debug] [2023-10-13T14:30:14.275Z] CLI Version:   11.2.2
[debug] [2023-10-13T14:30:14.275Z] Platform:      darwin
[debug] [2023-10-13T14:30:14.276Z] Node Version:  v16.15.0
[debug] [2023-10-13T14:30:14.281Z] Time:          Fri Oct 13 2023 20:00:14 GMT+0530 (India Standard Time)
[debug] [2023-10-13T14:30:14.281Z] ----------------------------------------------------------------------
[debug] 
[debug] [2023-10-13T14:30:14.428Z] > command requires scopes: ["email","openid","https://www.googleapis.com/auth/cloudplatformprojects.readonly","https://www.googleapis.com/auth/firebase","https://www.googleapis.com/auth/cloud-platform"]
[debug] [2023-10-13T14:30:14.433Z] > authorizing via signed-in user (akashp209@gmail.com)
[info] 
     ######## #### ########  ######## ########     ###     ######  ########
     ##        ##  ##     ## ##       ##     ##  ##   ##  ##       ##
     ######    ##  ########  ######   ########  #########  ######  ######
     ##        ##  ##    ##  ##       ##     ## ##     ##       ## ##
     ##       #### ##     ## ######## ########  ##     ##  ######  ########

You're about to initialize a Firebase project in this directory:

  /Users/akash/Desktop/Test/amazon

Before we get started, keep in mind:

  * You are initializing within an existing Firebase project directory

[info] 
=== Project Setup
[info] 
[info] First, let's associate this project directory with a Firebase project.
[info] You can create multiple project aliases by running firebase use --add, 
[info] but for now we'll just set up a default project.
[info] 
[debug] [2023-10-13T14:30:34.913Z] Using project from CLI flag: fir-a8a83
[debug] [2023-10-13T14:30:34.919Z] > refreshing access token with scopes: []
[debug] [2023-10-13T14:30:34.923Z] >>> [apiv2][query] POST https://www.googleapis.com/oauth2/v3/token [none]
[debug] [2023-10-13T14:30:34.923Z] >>> [apiv2][body] POST https://www.googleapis.com/oauth2/v3/token [omitted]
[debug] [2023-10-13T14:30:35.181Z] <<< [apiv2][status] POST https://www.googleapis.com/oauth2/v3/token 400
[debug] [2023-10-13T14:30:35.182Z] <<< [apiv2][body] POST https://www.googleapis.com/oauth2/v3/token [omitted]
[debug] [2023-10-13T14:30:35.182Z] >>> [apiv2][query] GET https://firebase.googleapis.com/v1beta1/projects/fir-a8a83 [none]
[debug] [2023-10-13T14:30:35.464Z] <<< [apiv2][status] GET https://firebase.googleapis.com/v1beta1/projects/fir-a8a83 401
[debug] [2023-10-13T14:30:35.465Z] <<< [apiv2][body] GET https://firebase.googleapis.com/v1beta1/projects/fir-a8a83 {"error":{"code":401,"message":"Request had invalid authentication credentials. Expected OAuth 2 access token, login cookie or other valid authentication credential. See https://developers.google.com/identity/sign-in/web/devconsole-project.","status":"UNAUTHENTICATED"}}
[debug] [2023-10-13T14:30:35.466Z] HTTP Error: 401, Request had invalid authentication credentials. Expected OAuth 2 access token, login cookie or other valid authentication credential. See https://developers.google.com/identity/sign-in/web/devconsole-project.
[debug] [2023-10-13T14:30:35.663Z] FirebaseError: HTTP Error: 401, Request had invalid authentication credentials. Expected OAuth 2 access token, login cookie or other valid authentication credential. See https://developers.google.com/identity/sign-in/web/devconsole-project.
    at responseToError (/Users/akash/.cache/firebase/tools/lib/node_modules/firebase-tools/lib/responseToError.js:49:12)
    at RetryOperation._fn (/Users/akash/.cache/firebase/tools/lib/node_modules/firebase-tools/lib/apiv2.js:287:77)
    at processTicksAndRejections (node:internal/process/task_queues:96:5)
[error] 
[error] Error: Failed to get Firebase project fir-a8a83. Please make sure the project exists and your account has permission to access it.
[debug] [2023-10-13T14:31:54.305Z] ----------------------------------------------------------------------
[debug] [2023-10-13T14:31:54.307Z] Command:       /usr/local/bin/firebase /Users/akash/.cache/firebase/tools/lib/node_modules/firebase-tools/lib/bin/firebase deploy
[debug] [2023-10-13T14:31:54.308Z] CLI Version:   11.2.2
[debug] [2023-10-13T14:31:54.308Z] Platform:      darwin
[debug] [2023-10-13T14:31:54.308Z] Node Version:  v16.15.0
[debug] [2023-10-13T14:31:54.313Z] Time:          Fri Oct 13 2023 20:01:54 GMT+0530 (India Standard Time)
[debug] [2023-10-13T14:31:54.313Z] ----------------------------------------------------------------------
[debug] 
[debug] [2023-10-13T14:31:54.459Z] > command requires scopes: ["email","openid","https://www.googleapis.com/auth/cloudplatformprojects.readonly","https://www.googleapis.com/auth/firebase","https://www.googleapis.com/auth/cloud-platform"]
[debug] [2023-10-13T14:31:54.463Z] > authorizing via signed-in user (akashp209@gmail.com)
[debug] [2023-10-13T14:31:54.464Z] [iam] checking project fir-a8a83 for permissions ["cloudfunctions.functions.create","cloudfunctions.functions.delete","cloudfunctions.functions.get","cloudfunctions.functions.list","cloudfunctions.functions.update","cloudfunctions.operations.get","firebase.projects.get","firebasehosting.sites.update"]
[debug] [2023-10-13T14:31:54.468Z] > refreshing access token with scopes: []
[debug] [2023-10-13T14:31:54.471Z] >>> [apiv2][query] POST https://www.googleapis.com/oauth2/v3/token [none]
[debug] [2023-10-13T14:31:54.472Z] >>> [apiv2][body] POST https://www.googleapis.com/oauth2/v3/token [omitted]
[debug] [2023-10-13T14:31:54.785Z] <<< [apiv2][status] POST https://www.googleapis.com/oauth2/v3/token 400
[debug] [2023-10-13T14:31:54.790Z] <<< [apiv2][body] POST https://www.googleapis.com/oauth2/v3/token [omitted]
[debug] [2023-10-13T14:31:54.790Z] >>> [apiv2][query] POST https://cloudresourcemanager.googleapis.com/v1/projects/fir-a8a83:testIamPermissions [none]
[debug] [2023-10-13T14:31:54.791Z] >>> [apiv2][body] POST https://cloudresourcemanager.googleapis.com/v1/projects/fir-a8a83:testIamPermissions {"permissions":["cloudfunctions.functions.create","cloudfunctions.functions.delete","cloudfunctions.functions.get","cloudfunctions.functions.list","cloudfunctions.functions.update","cloudfunctions.operations.get","firebase.projects.get","firebasehosting.sites.update"]}
[debug] [2023-10-13T14:31:56.348Z] <<< [apiv2][status] POST https://cloudresourcemanager.googleapis.com/v1/projects/fir-a8a83:testIamPermissions 401
[debug] [2023-10-13T14:31:56.352Z] <<< [apiv2][body] POST https://cloudresourcemanager.googleapis.com/v1/projects/fir-a8a83:testIamPermissions {"error":{"code":401,"message":"Request had invalid authentication credentials. Expected OAuth 2 access token, login cookie or other valid authentication credential. See https://developers.google.com/identity/sign-in/web/devconsole-project.","status":"UNAUTHENTICATED","details":[{"@type":"type.googleapis.com/google.rpc.ErrorInfo","reason":"ACCESS_TOKEN_TYPE_UNSUPPORTED","metadata":{"method":"google.cloudresourcemanager.v1.Projects.TestIamPermissions","service":"cloudresourcemanager.googleapis.com"}}]}}
[debug] [2023-10-13T14:31:56.354Z] [iam] error while checking permissions, command may fail: FirebaseError: HTTP Error: 401, Request had invalid authentication credentials. Expected OAuth 2 access token, login cookie or other valid authentication credential. See https://developers.google.com/identity/sign-in/web/devconsole-project.
[debug] [2023-10-13T14:31:56.355Z] > refreshing access token with scopes: []
[debug] [2023-10-13T14:31:56.359Z] >>> [apiv2][query] POST https://www.googleapis.com/oauth2/v3/token [none]
[debug] [2023-10-13T14:31:56.359Z] >>> [apiv2][body] POST https://www.googleapis.com/oauth2/v3/token [omitted]
[debug] [2023-10-13T14:31:56.576Z] <<< [apiv2][status] POST https://www.googleapis.com/oauth2/v3/token 400
[debug] [2023-10-13T14:31:56.579Z] <<< [apiv2][body] POST https://www.googleapis.com/oauth2/v3/token [omitted]
[debug] [2023-10-13T14:31:56.580Z] >>> [apiv2][query] POST https://iam.googleapis.com/v1/projects/fir-a8a83/serviceAccounts/fir-a8a83@appspot.gserviceaccount.com:testIamPermissions [none]
[debug] [2023-10-13T14:31:56.583Z] >>> [apiv2][body] POST https://iam.googleapis.com/v1/projects/fir-a8a83/serviceAccounts/fir-a8a83@appspot.gserviceaccount.com:testIamPermissions {"permissions":["iam.serviceAccounts.actAs"]}
[debug] [2023-10-13T14:31:58.076Z] <<< [apiv2][status] POST https://iam.googleapis.com/v1/projects/fir-a8a83/serviceAccounts/fir-a8a83@appspot.gserviceaccount.com:testIamPermissions 401
[debug] [2023-10-13T14:31:58.080Z] <<< [apiv2][body] POST https://iam.googleapis.com/v1/projects/fir-a8a83/serviceAccounts/fir-a8a83@appspot.gserviceaccount.com:testIamPermissions {"error":{"code":401,"message":"Request had invalid authentication credentials. Expected OAuth 2 access token, login cookie or other valid authentication credential. See https://developers.google.com/identity/sign-in/web/devconsole-project.","status":"UNAUTHENTICATED","details":[{"@type":"type.googleapis.com/google.rpc.ErrorInfo","reason":"ACCESS_TOKEN_TYPE_UNSUPPORTED","metadata":{"method":"google.iam.admin.v1.IAM.TestIamPermissions","service":"iam.googleapis.com"}}]}}
[debug] [2023-10-13T14:31:58.080Z] [functions] service account IAM check errored, deploy may fail:HTTP Error: 401, Request had invalid authentication credentials. Expected OAuth 2 access token, login cookie or other valid authentication credential. See https://developers.google.com/identity/sign-in/web/devconsole-project. {"name":"FirebaseError","children":[],"context":{"body":{"error":{"code":401,"message":"Request had invalid authentication credentials. Expected OAuth 2 access token, login cookie or other valid authentication credential. See https://developers.google.com/identity/sign-in/web/devconsole-project.","status":"UNAUTHENTICATED","details":[{"@type":"type.googleapis.com/google.rpc.ErrorInfo","reason":"ACCESS_TOKEN_TYPE_UNSUPPORTED","metadata":{"method":"google.iam.admin.v1.IAM.TestIamPermissions","service":"iam.googleapis.com"}}]}},"response":{"statusCode":401}},"exit":1,"message":"HTTP Error: 401, Request had invalid authentication credentials. Expected OAuth 2 access token, login cookie or other valid authentication credential. See https://developers.google.com/identity/sign-in/web/devconsole-project.","status":401}
[debug] [2023-10-13T14:31:58.082Z] > refreshing access token with scopes: []
[debug] [2023-10-13T14:31:58.083Z] >>> [apiv2][query] POST https://www.googleapis.com/oauth2/v3/token [none]
[debug] [2023-10-13T14:31:58.083Z] >>> [apiv2][body] POST https://www.googleapis.com/oauth2/v3/token [omitted]
[debug] [2023-10-13T14:31:58.269Z] <<< [apiv2][status] POST https://www.googleapis.com/oauth2/v3/token 400
[debug] [2023-10-13T14:31:58.269Z] <<< [apiv2][body] POST https://www.googleapis.com/oauth2/v3/token [omitted]
[debug] [2023-10-13T14:31:58.272Z] >>> [apiv2][query] GET https://firebase.googleapis.com/v1beta1/projects/fir-a8a83 [none]
[debug] [2023-10-13T14:31:58.508Z] <<< [apiv2][status] GET https://firebase.googleapis.com/v1beta1/projects/fir-a8a83 401
[debug] [2023-10-13T14:31:58.509Z] <<< [apiv2][body] GET https://firebase.googleapis.com/v1beta1/projects/fir-a8a83 {"error":{"code":401,"message":"Request had invalid authentication credentials. Expected OAuth 2 access token, login cookie or other valid authentication credential. See https://developers.google.com/identity/sign-in/web/devconsole-project.","status":"UNAUTHENTICATED"}}
[debug] [2023-10-13T14:31:58.509Z] HTTP Error: 401, Request had invalid authentication credentials. Expected OAuth 2 access token, login cookie or other valid authentication credential. See https://developers.google.com/identity/sign-in/web/devconsole-project.
[debug] [2023-10-13T14:31:58.691Z] FirebaseError: HTTP Error: 401, Request had invalid authentication credentials. Expected OAuth 2 access token, login cookie or other valid authentication credential. See https://developers.google.com/identity/sign-in/web/devconsole-project.
    at responseToError (/Users/akash/.cache/firebase/tools/lib/node_modules/firebase-tools/lib/responseToError.js:49:12)
    at RetryOperation._fn (/Users/akash/.cache/firebase/tools/lib/node_modules/firebase-tools/lib/apiv2.js:287:77)
    at processTicksAndRejections (node:internal/process/task_queues:96:5)
[error] 
[error] Error: Failed to get Firebase project fir-a8a83. Please make sure the project exists and your account has permission to access it.
[debug] [2023-10-13T14:39:34.778Z] ----------------------------------------------------------------------
[debug] [2023-10-13T14:39:34.782Z] Command:       /usr/local/bin/firebase /Users/akash/.cache/firebase/tools/lib/node_modules/firebase-tools/lib/bin/firebase init
[debug] [2023-10-13T14:39:34.782Z] CLI Version:   11.2.2
[debug] [2023-10-13T14:39:34.782Z] Platform:      darwin
[debug] [2023-10-13T14:39:34.782Z] Node Version:  v16.15.0
[debug] [2023-10-13T14:39:34.789Z] Time:          Fri Oct 13 2023 20:09:34 GMT+0530 (India Standard Time)
[debug] [2023-10-13T14:39:34.790Z] ----------------------------------------------------------------------
[debug] 
[debug] [2023-10-13T14:39:34.940Z] > command requires scopes: ["email","openid","https://www.googleapis.com/auth/cloudplatformprojects.readonly","https://www.googleapis.com/auth/firebase","https://www.googleapis.com/auth/cloud-platform"]
[debug] [2023-10-13T14:39:34.943Z] > authorizing via signed-in user (akashp209@gmail.com)
[info] 
     ######## #### ########  ######## ########     ###     ######  ########
     ##        ##  ##     ## ##       ##     ##  ##   ##  ##       ##
     ######    ##  ########  ######   ########  #########  ######  ######
     ##        ##  ##    ##  ##       ##     ## ##     ##       ## ##
     ##       #### ##     ## ######## ########  ##     ##  ######  ########

You're about to initialize a Firebase project in this directory:

  /Users/akash/Desktop/Test/amazon

Before we get started, keep in mind:

  * You are initializing within an existing Firebase project directory

[info] 
=== Project Setup
[info] 
[info] First, let's associate this project directory with a Firebase project.
[info] You can create multiple project aliases by running firebase use --add, 
[info] but for now we'll just set up a default project.
[info] 
[debug] [2023-10-13T14:40:00.234Z] Using project from CLI flag: fir-a8a83
[debug] [2023-10-13T14:40:00.239Z] > refreshing access token with scopes: []
[debug] [2023-10-13T14:40:00.243Z] >>> [apiv2][query] POST https://www.googleapis.com/oauth2/v3/token [none]
[debug] [2023-10-13T14:40:00.244Z] >>> [apiv2][body] POST https://www.googleapis.com/oauth2/v3/token [omitted]
[debug] [2023-10-13T14:40:00.531Z] <<< [apiv2][status] POST https://www.googleapis.com/oauth2/v3/token 400
[debug] [2023-10-13T14:40:00.534Z] <<< [apiv2][body] POST https://www.googleapis.com/oauth2/v3/token [omitted]
[debug] [2023-10-13T14:40:00.534Z] >>> [apiv2][query] GET https://firebase.googleapis.com/v1beta1/projects/fir-a8a83 [none]
[debug] [2023-10-13T14:40:00.897Z] <<< [apiv2][status] GET https://firebase.googleapis.com/v1beta1/projects/fir-a8a83 401
[debug] [2023-10-13T14:40:00.897Z] <<< [apiv2][body] GET https://firebase.googleapis.com/v1beta1/projects/fir-a8a83 {"error":{"code":401,"message":"Request had invalid authentication credentials. Expected OAuth 2 access token, login cookie or other valid authentication credential. See https://developers.google.com/identity/sign-in/web/devconsole-project.","status":"UNAUTHENTICATED"}}
[debug] [2023-10-13T14:40:00.899Z] HTTP Error: 401, Request had invalid authentication credentials. Expected OAuth 2 access token, login cookie or other valid authentication credential. See https://developers.google.com/identity/sign-in/web/devconsole-project.
[debug] [2023-10-13T14:40:01.088Z] FirebaseError: HTTP Error: 401, Request had invalid authentication credentials. Expected OAuth 2 access token, login cookie or other valid authentication credential. See https://developers.google.com/identity/sign-in/web/devconsole-project.
    at responseToError (/Users/akash/.cache/firebase/tools/lib/node_modules/firebase-tools/lib/responseToError.js:49:12)
    at RetryOperation._fn (/Users/akash/.cache/firebase/tools/lib/node_modules/firebase-tools/lib/apiv2.js:287:77)
    at processTicksAndRejections (node:internal/process/task_queues:96:5)
[error] 
[error] Error: Failed to get Firebase project fir-a8a83. Please make sure the project exists and your account has permission to access it.
[debug] [2023-10-13T14:40:12.909Z] ----------------------------------------------------------------------
[debug] [2023-10-13T14:40:12.912Z] Command:       /usr/local/bin/firebase /Users/akash/.cache/firebase/tools/lib/node_modules/firebase-tools/lib/bin/firebase use --add
[debug] [2023-10-13T14:40:12.913Z] CLI Version:   11.2.2
[debug] [2023-10-13T14:40:12.913Z] Platform:      darwin
[debug] [2023-10-13T14:40:12.913Z] Node Version:  v16.15.0
[debug] [2023-10-13T14:40:12.916Z] Time:          Fri Oct 13 2023 20:10:12 GMT+0530 (India Standard Time)
[debug] [2023-10-13T14:40:12.916Z] ----------------------------------------------------------------------
[debug] 
[debug] [2023-10-13T14:40:13.070Z] > command requires scopes: ["email","openid","https://www.googleapis.com/auth/cloudplatformprojects.readonly","https://www.googleapis.com/auth/firebase","https://www.googleapis.com/auth/cloud-platform"]
[debug] [2023-10-13T14:40:13.074Z] > authorizing via signed-in user (akashp209@gmail.com)
[debug] [2023-10-13T14:40:13.081Z] > refreshing access token with scopes: []
[debug] [2023-10-13T14:40:13.084Z] >>> [apiv2][query] POST https://www.googleapis.com/oauth2/v3/token [none]
[debug] [2023-10-13T14:40:13.085Z] >>> [apiv2][body] POST https://www.googleapis.com/oauth2/v3/token [omitted]
[debug] [2023-10-13T14:40:13.356Z] <<< [apiv2][status] POST https://www.googleapis.com/oauth2/v3/token 400
[debug] [2023-10-13T14:40:13.360Z] <<< [apiv2][body] POST https://www.googleapis.com/oauth2/v3/token [omitted]
[debug] [2023-10-13T14:40:13.362Z] >>> [apiv2][query] GET https://firebase.googleapis.com/v1beta1/projects pageSize=1000
[debug] [2023-10-13T14:40:13.910Z] <<< [apiv2][status] GET https://firebase.googleapis.com/v1beta1/projects 401
[debug] [2023-10-13T14:40:13.913Z] <<< [apiv2][body] GET https://firebase.googleapis.com/v1beta1/projects [omitted]
[debug] [2023-10-13T14:40:13.917Z] HTTP Error: 401, Request had invalid authentication credentials. Expected OAuth 2 access token, login cookie or other valid authentication credential. See https://developers.google.com/identity/sign-in/web/devconsole-project.
[debug] [2023-10-13T14:40:14.110Z] FirebaseError: HTTP Error: 401, Request had invalid authentication credentials. Expected OAuth 2 access token, login cookie or other valid authentication credential. See https://developers.google.com/identity/sign-in/web/devconsole-project.
    at responseToError (/Users/akash/.cache/firebase/tools/lib/node_modules/firebase-tools/lib/responseToError.js:49:12)
    at RetryOperation._fn (/Users/akash/.cache/firebase/tools/lib/node_modules/firebase-tools/lib/apiv2.js:287:77)
    at processTicksAndRejections (node:internal/process/task_queues:96:5)
[error] 
[error] Error: Failed to list Firebase projects. See firebase-debug.log for more info.
